<?xml version="1.0" encoding="UTF-8"?>
<!-- Generated by org.testng.reporters.JUnitReportReporter -->
<testsuite hostname="sunny-PC" name="Test.TestNG" tests="2" failures="0" timestamp="16 Feb 2017 03:05:11 GMT" time="0.007" errors="0">
  <testcase name="test10" time="0.005" classname="Test.TestNG"/>
  <testcase name="test7" time="0.002" classname="Test.TestNG"/>
</testsuite> <!-- Test.TestNG -->
