<?xml version="1.0" encoding="UTF-8"?>
<!-- Generated by org.testng.reporters.JUnitReportReporter -->
<testsuite hostname="sunny-PC" name="Test.TestNG2" tests="2" failures="0" timestamp="16 Feb 2017 03:12:27 GMT" time="5.784" errors="0">
  <testcase name="tets1" time="3.742" classname="Test.TestNG2"/>
  <testcase name="tets6" time="2.042" classname="Test.TestNG2"/>
</testsuite> <!-- Test.TestNG2 -->
