<?xml version="1.0" encoding="UTF-8"?>
<!-- Generated by org.testng.reporters.JUnitReportReporter -->
<testsuite hostname="sunny-PC" name="Test.DataProvider" tests="2" failures="0" timestamp="16 Feb 2017 03:47:18 GMT" time="6.011" errors="0">
  <testcase name="test3" time="2.610" classname="Test.DataProvider"/>
  <testcase name="test3" time="3.401" classname="Test.DataProvider"/>
</testsuite> <!-- Test.DataProvider -->
